<?xml version="1.0" encoding="UTF-8"?>
<testsuite xmlns:xsi="http://www.w3.org/2001/XMLSchema-instance" xsi:noNamespaceSchemaLocation="https://maven.apache.org/surefire/maven-surefire-plugin/xsd/surefire-test-report-3.0.xsd" version="3.0" name="TestSuite" time="30.1" tests="1" errors="0" skipped="0" failures="0">
  <properties>
    <property name="sun.desktop" value="windows"/>
    <property name="awt.toolkit" value="sun.awt.windows.WToolkit"/>
    <property name="file.encoding.pkg" value="sun.io"/>
    <property name="java.specification.version" value="1.8"/>
    <property name="sun.cpu.isalist" value="amd64"/>
    <property name="sun.jnu.encoding" value="Cp1252"/>
    <property name="java.class.path" value="C:\Users\Antwan.Maddox\source\repos\java-appium-rest\target\test-classes;C:\Users\Antwan.Maddox\source\repos\java-appium-rest\target\classes;C:\Users\Antwan.Maddox\.m2\repository\io\appium\java-client\7.4.1\java-client-7.4.1.jar;C:\Users\Antwan.Maddox\.m2\repository\org\seleniumhq\selenium\selenium-java\3.141.59\selenium-java-3.141.59.jar;C:\Users\Antwan.Maddox\.m2\repository\org\seleniumhq\selenium\selenium-chrome-driver\3.141.59\selenium-chrome-driver-3.141.59.jar;C:\Users\Antwan.Maddox\.m2\repository\org\seleniumhq\selenium\selenium-edge-driver\3.141.59\selenium-edge-driver-3.141.59.jar;C:\Users\Antwan.Maddox\.m2\repository\org\seleniumhq\selenium\selenium-firefox-driver\3.141.59\selenium-firefox-driver-3.141.59.jar;C:\Users\Antwan.Maddox\.m2\repository\org\seleniumhq\selenium\selenium-ie-driver\3.141.59\selenium-ie-driver-3.141.59.jar;C:\Users\Antwan.Maddox\.m2\repository\org\seleniumhq\selenium\selenium-opera-driver\3.141.59\selenium-opera-driver-3.141.59.jar;C:\Users\Antwan.Maddox\.m2\repository\org\seleniumhq\selenium\selenium-remote-driver\3.141.59\selenium-remote-driver-3.141.59.jar;C:\Users\Antwan.Maddox\.m2\repository\org\seleniumhq\selenium\selenium-safari-driver\3.141.59\selenium-safari-driver-3.141.59.jar;C:\Users\Antwan.Maddox\.m2\repository\net\bytebuddy\byte-buddy\1.8.15\byte-buddy-1.8.15.jar;C:\Users\Antwan.Maddox\.m2\repository\org\apache\commons\commons-exec\1.3\commons-exec-1.3.jar;C:\Users\Antwan.Maddox\.m2\repository\com\google\guava\guava\25.0-jre\guava-25.0-jre.jar;C:\Users\Antwan.Maddox\.m2\repository\org\checkerframework\checker-compat-qual\2.0.0\checker-compat-qual-2.0.0.jar;C:\Users\Antwan.Maddox\.m2\repository\com\google\errorprone\error_prone_annotations\2.1.3\error_prone_annotations-2.1.3.jar;C:\Users\Antwan.Maddox\.m2\repository\com\google\j2objc\j2objc-annotations\1.1\j2objc-annotations-1.1.jar;C:\Users\Antwan.Maddox\.m2\repository\org\codehaus\mojo\animal-sniffer-annotations\1.14\animal-sniffer-annotations-1.14.jar;C:\Users\Antwan.Maddox\.m2\repository\com\squareup\okhttp3\okhttp\3.11.0\okhttp-3.11.0.jar;C:\Users\Antwan.Maddox\.m2\repository\com\squareup\okio\okio\1.14.0\okio-1.14.0.jar;C:\Users\Antwan.Maddox\.m2\repository\org\seleniumhq\selenium\selenium-support\3.141.59\selenium-support-3.141.59.jar;C:\Users\Antwan.Maddox\.m2\repository\org\seleniumhq\selenium\selenium-api\3.141.59\selenium-api-3.141.59.jar;C:\Users\Antwan.Maddox\.m2\repository\cglib\cglib\3.3.0\cglib-3.3.0.jar;C:\Users\Antwan.Maddox\.m2\repository\commons-validator\commons-validator\1.7\commons-validator-1.7.jar;C:\Users\Antwan.Maddox\.m2\repository\commons-beanutils\commons-beanutils\1.9.4\commons-beanutils-1.9.4.jar;C:\Users\Antwan.Maddox\.m2\repository\commons-digester\commons-digester\2.1\commons-digester-2.1.jar;C:\Users\Antwan.Maddox\.m2\repository\org\apache\commons\commons-lang3\3.11\commons-lang3-3.11.jar;C:\Users\Antwan.Maddox\.m2\repository\org\springframework\spring-context\5.3.1\spring-context-5.3.1.jar;C:\Users\Antwan.Maddox\.m2\repository\org\springframework\spring-aop\5.3.1\spring-aop-5.3.1.jar;C:\Users\Antwan.Maddox\.m2\repository\org\springframework\spring-beans\5.3.1\spring-beans-5.3.1.jar;C:\Users\Antwan.Maddox\.m2\repository\org\springframework\spring-core\5.3.1\spring-core-5.3.1.jar;C:\Users\Antwan.Maddox\.m2\repository\org\springframework\spring-jcl\5.3.1\spring-jcl-5.3.1.jar;C:\Users\Antwan.Maddox\.m2\repository\org\springframework\spring-expression\5.3.1\spring-expression-5.3.1.jar;C:\Users\Antwan.Maddox\.m2\repository\org\aspectj\aspectjweaver\1.9.6\aspectjweaver-1.9.6.jar;C:\Users\Antwan.Maddox\.m2\repository\org\slf4j\slf4j-api\1.7.30\slf4j-api-1.7.30.jar;C:\Users\Antwan.Maddox\.m2\repository\org\testng\testng\6.14.3\testng-6.14.3.jar;C:\Users\Antwan.Maddox\.m2\repository\com\beust\jcommander\1.72\jcommander-1.72.jar;C:\Users\Antwan.Maddox\.m2\repository\org\apache-extras\beanshell\bsh\2.0b6\bsh-2.0b6.jar;C:\Users\Antwan.Maddox\.m2\repository\com\googlecode\json-simple\json-simple\1.1.1\json-simple-1.1.1.jar;C:\Users\Antwan.Maddox\.m2\repository\junit\junit\4.10\junit-4.10.jar;C:\Users\Antwan.Maddox\.m2\repository\org\hamcrest\hamcrest-core\1.1\hamcrest-core-1.1.jar;C:\Users\Antwan.Maddox\.m2\repository\io\cucumber\cucumber-java\6.10.2\cucumber-java-6.10.2.jar;C:\Users\Antwan.Maddox\.m2\repository\org\apiguardian\apiguardian-api\1.1.1\apiguardian-api-1.1.1.jar;C:\Users\Antwan.Maddox\.m2\repository\io\cucumber\cucumber-core\6.10.2\cucumber-core-6.10.2.jar;C:\Users\Antwan.Maddox\.m2\repository\io\cucumber\cucumber-gherkin\6.10.2\cucumber-gherkin-6.10.2.jar;C:\Users\Antwan.Maddox\.m2\repository\io\cucumber\cucumber-gherkin-messages\6.10.2\cucumber-gherkin-messages-6.10.2.jar;C:\Users\Antwan.Maddox\.m2\repository\io\cucumber\messages\14.0.1\messages-14.0.1.jar;C:\Users\Antwan.Maddox\.m2\repository\io\cucumber\tag-expressions\3.0.0\tag-expressions-3.0.0.jar;C:\Users\Antwan.Maddox\.m2\repository\io\cucumber\cucumber-expressions\10.3.0\cucumber-expressions-10.3.0.jar;C:\Users\Antwan.Maddox\.m2\repository\io\cucumber\datatable\3.5.0\datatable-3.5.0.jar;C:\Users\Antwan.Maddox\.m2\repository\io\cucumber\cucumber-plugin\6.10.2\cucumber-plugin-6.10.2.jar;C:\Users\Antwan.Maddox\.m2\repository\io\cucumber\docstring\6.10.2\docstring-6.10.2.jar;C:\Users\Antwan.Maddox\.m2\repository\io\cucumber\html-formatter\12.0.0\html-formatter-12.0.0.jar;C:\Users\Antwan.Maddox\.m2\repository\io\cucumber\create-meta\3.0.0\create-meta-3.0.0.jar;C:\Users\Antwan.Maddox\.m2\repository\io\cucumber\gherkin\17.0.2\gherkin-17.0.2.jar;C:\Users\Antwan.Maddox\.m2\repository\io\cucumber\cucumber-testng\6.10.2\cucumber-testng-6.10.2.jar;C:\Users\Antwan.Maddox\.m2\repository\com\fasterxml\jackson\core\jackson-databind\2.13.0\jackson-databind-2.13.0.jar;C:\Users\Antwan.Maddox\.m2\repository\com\fasterxml\jackson\core\jackson-annotations\2.13.0\jackson-annotations-2.13.0.jar;C:\Users\Antwan.Maddox\.m2\repository\com\fasterxml\jackson\core\jackson-core\2.13.0\jackson-core-2.13.0.jar;C:\Users\Antwan.Maddox\.m2\repository\org\json\json\20201115\json-20201115.jar;C:\Users\Antwan.Maddox\.m2\repository\com\mashape\unirest\unirest-java\1.4.9\unirest-java-1.4.9.jar;C:\Users\Antwan.Maddox\.m2\repository\org\apache\httpcomponents\httpasyncclient\4.1.1\httpasyncclient-4.1.1.jar;C:\Users\Antwan.Maddox\.m2\repository\org\apache\httpcomponents\httpcore-nio\4.4.4\httpcore-nio-4.4.4.jar;C:\Users\Antwan.Maddox\.m2\repository\org\apache\httpcomponents\httpmime\4.5.2\httpmime-4.5.2.jar;C:\Users\Antwan.Maddox\.m2\repository\org\apache\httpcomponents\httpclient\4.5.13\httpclient-4.5.13.jar;C:\Users\Antwan.Maddox\.m2\repository\org\apache\httpcomponents\httpcore\4.4.13\httpcore-4.4.13.jar;C:\Users\Antwan.Maddox\.m2\repository\commons-logging\commons-logging\1.2\commons-logging-1.2.jar;C:\Users\Antwan.Maddox\.m2\repository\io\rest-assured\rest-assured\5.2.0\rest-assured-5.2.0.jar;C:\Users\Antwan.Maddox\.m2\repository\org\apache\groovy\groovy\4.0.1\groovy-4.0.1.jar;C:\Users\Antwan.Maddox\.m2\repository\org\apache\groovy\groovy-xml\4.0.1\groovy-xml-4.0.1.jar;C:\Users\Antwan.Maddox\.m2\repository\org\hamcrest\hamcrest\2.1\hamcrest-2.1.jar;C:\Users\Antwan.Maddox\.m2\repository\org\ccil\cowan\tagsoup\tagsoup\1.2.1\tagsoup-1.2.1.jar;C:\Users\Antwan.Maddox\.m2\repository\io\rest-assured\json-path\5.2.0\json-path-5.2.0.jar;C:\Users\Antwan.Maddox\.m2\repository\org\apache\groovy\groovy-json\4.0.1\groovy-json-4.0.1.jar;C:\Users\Antwan.Maddox\.m2\repository\io\rest-assured\rest-assured-common\5.2.0\rest-assured-common-5.2.0.jar;C:\Users\Antwan.Maddox\.m2\repository\io\rest-assured\xml-path\5.2.0\xml-path-5.2.0.jar;C:\Users\Antwan.Maddox\.m2\repository\io\rest-assured\json-schema-validator\5.2.0\json-schema-validator-5.2.0.jar;C:\Users\Antwan.Maddox\.m2\repository\com\github\java-json-tools\json-schema-validator\2.2.14\json-schema-validator-2.2.14.jar;C:\Users\Antwan.Maddox\.m2\repository\com\github\java-json-tools\jackson-coreutils-equivalence\1.0\jackson-coreutils-equivalence-1.0.jar;C:\Users\Antwan.Maddox\.m2\repository\com\github\java-json-tools\jackson-coreutils\2.0\jackson-coreutils-2.0.jar;C:\Users\Antwan.Maddox\.m2\repository\com\github\java-json-tools\msg-simple\1.2\msg-simple-1.2.jar;C:\Users\Antwan.Maddox\.m2\repository\com\github\java-json-tools\btf\1.3\btf-1.3.jar;C:\Users\Antwan.Maddox\.m2\repository\com\github\java-json-tools\json-schema-core\1.2.14\json-schema-core-1.2.14.jar;C:\Users\Antwan.Maddox\.m2\repository\com\github\java-json-tools\uri-template\0.10\uri-template-0.10.jar;C:\Users\Antwan.Maddox\.m2\repository\org\mozilla\rhino\1.7.7.2\rhino-1.7.7.2.jar;C:\Users\Antwan.Maddox\.m2\repository\com\sun\mail\mailapi\1.6.2\mailapi-1.6.2.jar;C:\Users\Antwan.Maddox\.m2\repository\joda-time\joda-time\2.10.5\joda-time-2.10.5.jar;C:\Users\Antwan.Maddox\.m2\repository\com\googlecode\libphonenumber\libphonenumber\8.11.1\libphonenumber-8.11.1.jar;C:\Users\Antwan.Maddox\.m2\repository\com\google\code\findbugs\jsr305\3.0.2\jsr305-3.0.2.jar;C:\Users\Antwan.Maddox\.m2\repository\net\sf\jopt-simple\jopt-simple\5.0.4\jopt-simple-5.0.4.jar;C:\Users\Antwan.Maddox\.m2\repository\tech\grasshopper\extentreports-cucumber6-adapter\2.9.0\extentreports-cucumber6-adapter-2.9.0.jar;C:\Users\Antwan.Maddox\.m2\repository\tech\grasshopper\extent-pdf-report\1.7.4\extent-pdf-report-1.7.4.jar;C:\Users\Antwan.Maddox\.m2\repository\tech\grasshopper\cucumber-pdf-report\2.2.4\cucumber-pdf-report-2.2.4.jar;C:\Users\Antwan.Maddox\.m2\repository\org\apache\pdfbox\pdfbox\2.0.22\pdfbox-2.0.22.jar;C:\Users\Antwan.Maddox\.m2\repository\org\apache\pdfbox\fontbox\2.0.22\fontbox-2.0.22.jar;C:\Users\Antwan.Maddox\.m2\repository\org\knowm\xchart\xchart\3.8.0\xchart-3.8.0.jar;C:\Users\Antwan.Maddox\.m2\repository\de\erichseifert\vectorgraphics2d\VectorGraphics2D\0.13\VectorGraphics2D-0.13.jar;C:\Users\Antwan.Maddox\.m2\repository\de\rototor\pdfbox\graphics2d\0.30\graphics2d-0.30.jar;C:\Users\Antwan.Maddox\.m2\repository\com\madgag\animated-gif-lib\1.4\animated-gif-lib-1.4.jar;C:\Users\Antwan.Maddox\.m2\repository\org\yaml\snakeyaml\1.28\snakeyaml-1.28.jar;C:\Users\Antwan.Maddox\.m2\repository\tech\grasshopper\table-layout\1.2.0\table-layout-1.2.0.jar;C:\Users\Antwan.Maddox\.m2\repository\org\jsoup\jsoup\1.13.1\jsoup-1.13.1.jar;C:\Users\Antwan.Maddox\.m2\repository\com\aventstack\klov-reporter\5.0.9\klov-reporter-5.0.9.jar;C:\Users\Antwan.Maddox\.m2\repository\org\mongodb\bson\3.6.4\bson-3.6.4.jar;C:\Users\Antwan.Maddox\.m2\repository\tech\grasshopper\htmlextentreporter\1.0.0\htmlextentreporter-1.0.0.jar;C:\Users\Antwan.Maddox\.m2\repository\org\mongodb\mongodb-driver\3.3.0\mongodb-driver-3.3.0.jar;C:\Users\Antwan.Maddox\.m2\repository\org\mongodb\mongodb-driver-core\3.3.0\mongodb-driver-core-3.3.0.jar;C:\Users\Antwan.Maddox\.m2\repository\com\aventstack\extentreports\5.0.9\extentreports-5.0.9.jar;C:\Users\Antwan.Maddox\.m2\repository\io\reactivex\rxjava3\rxjava\3.0.4\rxjava-3.0.4.jar;C:\Users\Antwan.Maddox\.m2\repository\org\reactivestreams\reactive-streams\1.0.3\reactive-streams-1.0.3.jar;C:\Users\Antwan.Maddox\.m2\repository\org\freemarker\freemarker\2.3.30\freemarker-2.3.30.jar;C:\Users\Antwan.Maddox\.m2\repository\com\vimalselvam\cucumber-extentsreport\3.0.2\cucumber-extentsreport-3.0.2.jar;C:\Users\Antwan.Maddox\.m2\repository\org\apache\logging\log4j\log4j-core\2.14.1\log4j-core-2.14.1.jar;C:\Users\Antwan.Maddox\.m2\repository\org\apache\logging\log4j\log4j-api\2.14.1\log4j-api-2.14.1.jar;C:\Users\Antwan.Maddox\.m2\repository\commons-codec\commons-codec\1.15\commons-codec-1.15.jar;C:\Users\Antwan.Maddox\.m2\repository\commons-io\commons-io\2.11.0\commons-io-2.11.0.jar;C:\Users\Antwan.Maddox\.m2\repository\org\apache\maven\plugins\maven-surefire-plugin\3.0.0-M5\maven-surefire-plugin-3.0.0-M5.jar;C:\Users\Antwan.Maddox\.m2\repository\org\apache\maven\surefire\maven-surefire-common\3.0.0-M5\maven-surefire-common-3.0.0-M5.jar;C:\Users\Antwan.Maddox\.m2\repository\org\apache\maven\surefire\surefire-api\3.0.0-M5\surefire-api-3.0.0-M5.jar;C:\Users\Antwan.Maddox\.m2\repository\org\apache\maven\surefire\surefire-logger-api\3.0.0-M5\surefire-logger-api-3.0.0-M5.jar;C:\Users\Antwan.Maddox\.m2\repository\org\apache\maven\surefire\surefire-extensions-api\3.0.0-M5\surefire-extensions-api-3.0.0-M5.jar;C:\Users\Antwan.Maddox\.m2\repository\org\apache\maven\surefire\surefire-booter\3.0.0-M5\surefire-booter-3.0.0-M5.jar;C:\Users\Antwan.Maddox\.m2\repository\org\apache\maven\surefire\surefire-extensions-spi\3.0.0-M5\surefire-extensions-spi-3.0.0-M5.jar;C:\Users\Antwan.Maddox\.m2\repository\org\apache\maven\maven-toolchain\3.0-alpha-2\maven-toolchain-3.0-alpha-2.jar;C:\Users\Antwan.Maddox\.m2\repository\org\apache\maven\shared\maven-artifact-transfer\0.11.0\maven-artifact-transfer-0.11.0.jar;C:\Users\Antwan.Maddox\.m2\repository\org\codehaus\plexus\plexus-java\1.0.5\plexus-java-1.0.5.jar;C:\Users\Antwan.Maddox\.m2\repository\com\thoughtworks\qdox\qdox\2.0-M9\qdox-2.0-M9.jar;C:\Users\Antwan.Maddox\.m2\repository\org\apache\maven\surefire\surefire-shared-utils\3.0.0-M4\surefire-shared-utils-3.0.0-M4.jar;C:\Users\Antwan.Maddox\.m2\repository\org\apache\maven\maven-embedder\3.3.9\maven-embedder-3.3.9.jar;C:\Users\Antwan.Maddox\.m2\repository\org\apache\maven\maven-settings\3.3.9\maven-settings-3.3.9.jar;C:\Users\Antwan.Maddox\.m2\repository\org\apache\maven\maven-model-builder\3.3.9\maven-model-builder-3.3.9.jar;C:\Users\Antwan.Maddox\.m2\repository\org\apache\maven\maven-builder-support\3.3.9\maven-builder-support-3.3.9.jar;C:\Users\Antwan.Maddox\.m2\repository\org\codehaus\plexus\plexus-classworlds\2.5.2\plexus-classworlds-2.5.2.jar;C:\Users\Antwan.Maddox\.m2\repository\org\codehaus\plexus\plexus-component-annotations\1.6\plexus-component-annotations-1.6.jar;C:\Users\Antwan.Maddox\.m2\repository\org\sonatype\plexus\plexus-sec-dispatcher\1.3\plexus-sec-dispatcher-1.3.jar;C:\Users\Antwan.Maddox\.m2\repository\org\sonatype\plexus\plexus-cipher\1.7\plexus-cipher-1.7.jar;C:\Users\Antwan.Maddox\.m2\repository\org\apache\maven\maven-core\3.3.9\maven-core-3.3.9.jar;C:\Users\Antwan.Maddox\.m2\repository\org\apache\maven\maven-settings-builder\3.3.9\maven-settings-builder-3.3.9.jar;C:\Users\Antwan.Maddox\.m2\repository\org\apache\maven\maven-aether-provider\3.3.9\maven-aether-provider-3.3.9.jar;C:\Users\Antwan.Maddox\.m2\repository\org\eclipse\aether\aether-impl\1.0.2.v20150114\aether-impl-1.0.2.v20150114.jar;C:\Users\Antwan.Maddox\.m2\repository\org\eclipse\aether\aether-api\1.0.2.v20150114\aether-api-1.0.2.v20150114.jar;C:\Users\Antwan.Maddox\.m2\repository\org\eclipse\aether\aether-util\1.0.2.v20150114\aether-util-1.0.2.v20150114.jar;C:\Users\Antwan.Maddox\.m2\repository\com\google\inject\guice\4.0\guice-4.0-no_aop.jar;C:\Users\Antwan.Maddox\.m2\repository\aopalliance\aopalliance\1.0\aopalliance-1.0.jar;C:\Users\Antwan.Maddox\.m2\repository\org\apache\maven\maven-compat\3.3.9\maven-compat-3.3.9.jar;C:\Users\Antwan.Maddox\.m2\repository\org\apache\maven\wagon\wagon-provider-api\2.10\wagon-provider-api-2.10.jar;C:\Users\Antwan.Maddox\.m2\repository\org\eclipse\sisu\org.eclipse.sisu.plexus\0.3.2\org.eclipse.sisu.plexus-0.3.2.jar;C:\Users\Antwan.Maddox\.m2\repository\javax\enterprise\cdi-api\1.0\cdi-api-1.0.jar;C:\Users\Antwan.Maddox\.m2\repository\javax\annotation\jsr250-api\1.0\jsr250-api-1.0.jar;C:\Users\Antwan.Maddox\.m2\repository\org\eclipse\sisu\org.eclipse.sisu.inject\0.3.2\org.eclipse.sisu.inject-0.3.2.jar;C:\Users\Antwan.Maddox\.m2\repository\commons-cli\commons-cli\1.2\commons-cli-1.2.jar;C:\Users\Antwan.Maddox\.m2\repository\org\apache\maven\wagon\wagon-http\2.10\wagon-http-2.10-shaded.jar;C:\Users\Antwan.Maddox\.m2\repository\org\apache\maven\wagon\wagon-http-shared\2.10\wagon-http-shared-2.10.jar;C:\Users\Antwan.Maddox\.m2\repository\org\apache\maven\wagon\wagon-file\2.10\wagon-file-2.10.jar;C:\Users\Antwan.Maddox\.m2\repository\org\eclipse\aether\aether-connector-basic\1.0.2.v20150114\aether-connector-basic-1.0.2.v20150114.jar;C:\Users\Antwan.Maddox\.m2\repository\org\eclipse\aether\aether-spi\1.0.2.v20150114\aether-spi-1.0.2.v20150114.jar;C:\Users\Antwan.Maddox\.m2\repository\org\eclipse\aether\aether-transport-wagon\1.0.2.v20150114\aether-transport-wagon-1.0.2.v20150114.jar;C:\Users\Antwan.Maddox\.m2\repository\org\slf4j\slf4j-simple\1.7.5\slf4j-simple-1.7.5.jar;C:\Users\Antwan.Maddox\.m2\repository\com\microsoft\appcenter\appium-test-extension\1.6\appium-test-extension-1.6.jar;C:\Users\Antwan.Maddox\.m2\repository\net\sourceforge\streamsupport\streamsupport\1.5.1\streamsupport-1.5.1.jar;C:\Users\Antwan.Maddox\.m2\repository\org\javassist\javassist\3.20.0-GA\javassist-3.20.0-GA.jar;C:\Users\Antwan.Maddox\.m2\repository\org\apache\maven\plugins\maven-dependency-plugin\2.10\maven-dependency-plugin-2.10.jar;C:\Users\Antwan.Maddox\.m2\repository\org\apache\maven\maven-artifact\2.2.1\maven-artifact-2.2.1.jar;C:\Users\Antwan.Maddox\.m2\repository\org\apache\maven\maven-plugin-api\2.2.1\maven-plugin-api-2.2.1.jar;C:\Users\Antwan.Maddox\.m2\repository\org\apache\maven\maven-project\2.2.1\maven-project-2.2.1.jar;C:\Users\Antwan.Maddox\.m2\repository\org\apache\maven\maven-profile\2.2.1\maven-profile-2.2.1.jar;C:\Users\Antwan.Maddox\.m2\repository\org\apache\maven\maven-plugin-registry\2.2.1\maven-plugin-registry-2.2.1.jar;C:\Users\Antwan.Maddox\.m2\repository\org\codehaus\plexus\plexus-container-default\1.0-alpha-9-stable-1\plexus-container-default-1.0-alpha-9-stable-1.jar;C:\Users\Antwan.Maddox\.m2\repository\org\apache\maven\maven-model\2.2.1\maven-model-2.2.1.jar;C:\Users\Antwan.Maddox\.m2\repository\org\apache\maven\maven-artifact-manager\2.2.1\maven-artifact-manager-2.2.1.jar;C:\Users\Antwan.Maddox\.m2\repository\backport-util-concurrent\backport-util-concurrent\3.1\backport-util-concurrent-3.1.jar;C:\Users\Antwan.Maddox\.m2\repository\org\apache\maven\maven-repository-metadata\2.2.1\maven-repository-metadata-2.2.1.jar;C:\Users\Antwan.Maddox\.m2\repository\org\apache\maven\reporting\maven-reporting-api\3.0\maven-reporting-api-3.0.jar;C:\Users\Antwan.Maddox\.m2\repository\org\apache\maven\reporting\maven-reporting-impl\2.2\maven-reporting-impl-2.2.jar;C:\Users\Antwan.Maddox\.m2\repository\org\apache\maven\doxia\doxia-core\1.2\doxia-core-1.2.jar;C:\Users\Antwan.Maddox\.m2\repository\xerces\xercesImpl\2.9.1\xercesImpl-2.9.1.jar;C:\Users\Antwan.Maddox\.m2\repository\xml-apis\xml-apis\1.3.04\xml-apis-1.3.04.jar;C:\Users\Antwan.Maddox\.m2\repository\org\apache\maven\doxia\doxia-sink-api\1.4\doxia-sink-api-1.4.jar;C:\Users\Antwan.Maddox\.m2\repository\org\apache\maven\doxia\doxia-logging-api\1.4\doxia-logging-api-1.4.jar;C:\Users\Antwan.Maddox\.m2\repository\org\apache\maven\doxia\doxia-site-renderer\1.4\doxia-site-renderer-1.4.jar;C:\Users\Antwan.Maddox\.m2\repository\org\apache\maven\doxia\doxia-decoration-model\1.4\doxia-decoration-model-1.4.jar;C:\Users\Antwan.Maddox\.m2\repository\org\apache\maven\doxia\doxia-module-xhtml\1.4\doxia-module-xhtml-1.4.jar;C:\Users\Antwan.Maddox\.m2\repository\org\apache\maven\doxia\doxia-module-fml\1.4\doxia-module-fml-1.4.jar;C:\Users\Antwan.Maddox\.m2\repository\org\codehaus\plexus\plexus-i18n\1.0-beta-7\plexus-i18n-1.0-beta-7.jar;C:\Users\Antwan.Maddox\.m2\repository\org\codehaus\plexus\plexus-velocity\1.1.7\plexus-velocity-1.1.7.jar;C:\Users\Antwan.Maddox\.m2\repository\org\apache\velocity\velocity\1.5\velocity-1.5.jar;C:\Users\Antwan.Maddox\.m2\repository\oro\oro\2.0.8\oro-2.0.8.jar;C:\Users\Antwan.Maddox\.m2\repository\org\apache\velocity\velocity-tools\2.0\velocity-tools-2.0.jar;C:\Users\Antwan.Maddox\.m2\repository\commons-chain\commons-chain\1.1\commons-chain-1.1.jar;C:\Users\Antwan.Maddox\.m2\repository\dom4j\dom4j\1.1\dom4j-1.1.jar;C:\Users\Antwan.Maddox\.m2\repository\sslext\sslext\1.2-0\sslext-1.2-0.jar;C:\Users\Antwan.Maddox\.m2\repository\org\apache\struts\struts-core\1.3.8\struts-core-1.3.8.jar;C:\Users\Antwan.Maddox\.m2\repository\antlr\antlr\2.7.2\antlr-2.7.2.jar;C:\Users\Antwan.Maddox\.m2\repository\org\apache\struts\struts-taglib\1.3.8\struts-taglib-1.3.8.jar;C:\Users\Antwan.Maddox\.m2\repository\org\apache\struts\struts-tiles\1.3.8\struts-tiles-1.3.8.jar;C:\Users\Antwan.Maddox\.m2\repository\org\codehaus\plexus\plexus-archiver\2.9\plexus-archiver-2.9.jar;C:\Users\Antwan.Maddox\.m2\repository\org\apache\commons\commons-compress\1.9\commons-compress-1.9.jar;C:\Users\Antwan.Maddox\.m2\repository\org\codehaus\plexus\plexus-utils\3.0.20\plexus-utils-3.0.20.jar;C:\Users\Antwan.Maddox\.m2\repository\org\apache\maven\shared\file-management\1.2.1\file-management-1.2.1.jar;C:\Users\Antwan.Maddox\.m2\repository\org\apache\maven\shared\maven-shared-io\1.1\maven-shared-io-1.1.jar;C:\Users\Antwan.Maddox\.m2\repository\org\codehaus\plexus\plexus-io\2.4\plexus-io-2.4.jar;C:\Users\Antwan.Maddox\.m2\repository\org\apache\maven\shared\maven-dependency-analyzer\1.6\maven-dependency-analyzer-1.6.jar;C:\Users\Antwan.Maddox\.m2\repository\org\apache\maven\shared\maven-dependency-tree\2.2\maven-dependency-tree-2.2.jar;C:\Users\Antwan.Maddox\.m2\repository\org\apache\maven\shared\maven-common-artifact-filters\1.4\maven-common-artifact-filters-1.4.jar;C:\Users\Antwan.Maddox\.m2\repository\org\apache\maven\shared\maven-invoker\2.1.1\maven-invoker-2.1.1.jar;C:\Users\Antwan.Maddox\.m2\repository\commons-lang\commons-lang\2.6\commons-lang-2.6.jar;C:\Users\Antwan.Maddox\.m2\repository\commons-collections\commons-collections\3.2.1\commons-collections-3.2.1.jar;C:\Users\Antwan.Maddox\.m2\repository\classworlds\classworlds\1.1\classworlds-1.1.jar;C:\Users\Antwan.Maddox\.m2\repository\org\apache\maven\plugins\maven-help-plugin\3.3.0\maven-help-plugin-3.3.0.jar;C:\Users\Antwan.Maddox\.m2\repository\org\apache\maven\plugin-tools\maven-plugin-tools-generators\3.6.4\maven-plugin-tools-generators-3.6.4.jar;C:\Users\Antwan.Maddox\.m2\repository\org\apache\maven\plugin-tools\maven-plugin-tools-api\3.6.4\maven-plugin-tools-api-3.6.4.jar;C:\Users\Antwan.Maddox\.m2\repository\net\sf\jtidy\jtidy\r938\jtidy-r938.jar;C:\Users\Antwan.Maddox\.m2\repository\org\ow2\asm\asm\9.3\asm-9.3.jar;C:\Users\Antwan.Maddox\.m2\repository\org\ow2\asm\asm-commons\9.3\asm-commons-9.3.jar;C:\Users\Antwan.Maddox\.m2\repository\org\ow2\asm\asm-tree\9.3\asm-tree-9.3.jar;C:\Users\Antwan.Maddox\.m2\repository\org\ow2\asm\asm-analysis\9.3\asm-analysis-9.3.jar;C:\Users\Antwan.Maddox\.m2\repository\org\apache\maven\shared\maven-shared-utils\3.3.4\maven-shared-utils-3.3.4.jar;C:\Users\Antwan.Maddox\.m2\repository\org\apache\maven\reporting\maven-reporting-exec\1.6.0\maven-reporting-exec-1.6.0.jar;C:\Users\Antwan.Maddox\.m2\repository\org\codehaus\plexus\plexus-interactivity-api\1.1\plexus-interactivity-api-1.1.jar;C:\Users\Antwan.Maddox\.m2\repository\org\jdom\jdom2\2.0.6.1\jdom2-2.0.6.1.jar;C:\Users\Antwan.Maddox\.m2\repository\com\thoughtworks\xstream\xstream\1.4.19\xstream-1.4.19.jar;C:\Users\Antwan.Maddox\.m2\repository\io\github\x-stream\mxparser\1.2.2\mxparser-1.2.2.jar;C:\Users\Antwan.Maddox\.m2\repository\xmlpull\xmlpull\1.1.3.1\xmlpull-1.1.3.1.jar;C:\Users\Antwan.Maddox\.m2\repository\org\apache\maven\plugins\maven-resources-plugin\3.3.0\maven-resources-plugin-3.3.0.jar;C:\Users\Antwan.Maddox\.m2\repository\org\codehaus\plexus\plexus-interpolation\1.26\plexus-interpolation-1.26.jar;C:\Users\Antwan.Maddox\.m2\repository\org\apache\maven\shared\maven-filtering\3.3.0\maven-filtering-3.3.0.jar;C:\Users\Antwan.Maddox\.m2\repository\javax\inject\javax.inject\1\javax.inject-1.jar;C:\Users\Antwan.Maddox\.m2\repository\org\sonatype\plexus\plexus-build-api\0.0.7\plexus-build-api-0.0.7.jar;C:\Users\Antwan.Maddox\.m2\repository\org\projectlombok\lombok\1.18.20\lombok-1.18.20.jar;C:\Users\Antwan.Maddox\.m2\repository\com\google\code\gson\gson\2.9.1\gson-2.9.1.jar;C:\Users\Antwan.Maddox\.m2\repository\com\github\javafaker\javafaker\1.0.2\javafaker-1.0.2.jar;C:\Users\Antwan.Maddox\.m2\repository\org\yaml\snakeyaml\1.23\snakeyaml-1.23-android.jar;C:\Users\Antwan.Maddox\.m2\repository\com\github\mifmif\generex\1.0.2\generex-1.0.2.jar;C:\Users\Antwan.Maddox\.m2\repository\dk\brics\automaton\automaton\1.11-8\automaton-1.11-8.jar;C:\Users\Antwan.Maddox\.m2\repository\io\cucumber\cucumber-picocontainer\7.8.1\cucumber-picocontainer-7.8.1.jar;C:\Users\Antwan.Maddox\.m2\repository\org\picocontainer\picocontainer\2.15\picocontainer-2.15.jar;C:\Users\Antwan.Maddox\.m2\repository\net\masterthought\maven-cucumber-reporting\5.7.1\maven-cucumber-reporting-5.7.1.jar;C:\Users\Antwan.Maddox\.m2\repository\net\masterthought\cucumber-reporting\5.7.2\cucumber-reporting-5.7.2.jar;C:\Users\Antwan.Maddox\.m2\repository\com\fasterxml\jackson\datatype\jackson-datatype-jsr310\2.13.2\jackson-datatype-jsr310-2.13.2.jar;C:\Users\Antwan.Maddox\.m2\repository\org\apache\velocity\velocity-engine-core\2.3\velocity-engine-core-2.3.jar;C:\Users\Antwan.Maddox\.m2\repository\com\googlecode\owasp-java-html-sanitizer\owasp-java-html-sanitizer\20211018.2\owasp-java-html-sanitizer-20211018.2.jar;C:\Users\Antwan.Maddox\.m2\repository\commons-configuration\commons-configuration\1.10\commons-configuration-1.10.jar;"/>
    <property name="java.vm.vendor" value="Oracle Corporation"/>
    <property name="sun.arch.data.model" value="64"/>
    <property name="user.variant" value=""/>
    <property name="java.vendor.url" value="http://java.oracle.com/"/>
    <property name="user.timezone" value="America/New_York"/>
    <property name="java.vm.specification.version" value="1.8"/>
    <property name="os.name" value="Windows 10"/>
    <property name="user.country" value="US"/>
    <property name="sun.java.launcher" value="SUN_STANDARD"/>
    <property name="sun.boot.library.path" value="C:\Program Files\Java\jdk1.8.0_341\jre\bin"/>
    <property name="sun.java.command" value="C:\Users\Antwan.Maddox\AppData\Local\Temp\surefire2576171829526209104\surefirebooter8196759195136610870.jar C:\Users\Antwan.Maddox\AppData\Local\Temp\surefire2576171829526209104 2022-10-25T10-55-15_992-jvmRun1 surefire377050726506712756tmp surefire_04374161468870342656tmp"/>
    <property name="surefire.test.class.path" value="C:\Users\Antwan.Maddox\source\repos\java-appium-rest\target\test-classes;C:\Users\Antwan.Maddox\source\repos\java-appium-rest\target\classes;C:\Users\Antwan.Maddox\.m2\repository\io\appium\java-client\7.4.1\java-client-7.4.1.jar;C:\Users\Antwan.Maddox\.m2\repository\org\seleniumhq\selenium\selenium-java\3.141.59\selenium-java-3.141.59.jar;C:\Users\Antwan.Maddox\.m2\repository\org\seleniumhq\selenium\selenium-chrome-driver\3.141.59\selenium-chrome-driver-3.141.59.jar;C:\Users\Antwan.Maddox\.m2\repository\org\seleniumhq\selenium\selenium-edge-driver\3.141.59\selenium-edge-driver-3.141.59.jar;C:\Users\Antwan.Maddox\.m2\repository\org\seleniumhq\selenium\selenium-firefox-driver\3.141.59\selenium-firefox-driver-3.141.59.jar;C:\Users\Antwan.Maddox\.m2\repository\org\seleniumhq\selenium\selenium-ie-driver\3.141.59\selenium-ie-driver-3.141.59.jar;C:\Users\Antwan.Maddox\.m2\repository\org\seleniumhq\selenium\selenium-opera-driver\3.141.59\selenium-opera-driver-3.141.59.jar;C:\Users\Antwan.Maddox\.m2\repository\org\seleniumhq\selenium\selenium-remote-driver\3.141.59\selenium-remote-driver-3.141.59.jar;C:\Users\Antwan.Maddox\.m2\repository\org\seleniumhq\selenium\selenium-safari-driver\3.141.59\selenium-safari-driver-3.141.59.jar;C:\Users\Antwan.Maddox\.m2\repository\net\bytebuddy\byte-buddy\1.8.15\byte-buddy-1.8.15.jar;C:\Users\Antwan.Maddox\.m2\repository\org\apache\commons\commons-exec\1.3\commons-exec-1.3.jar;C:\Users\Antwan.Maddox\.m2\repository\com\google\guava\guava\25.0-jre\guava-25.0-jre.jar;C:\Users\Antwan.Maddox\.m2\repository\org\checkerframework\checker-compat-qual\2.0.0\checker-compat-qual-2.0.0.jar;C:\Users\Antwan.Maddox\.m2\repository\com\google\errorprone\error_prone_annotations\2.1.3\error_prone_annotations-2.1.3.jar;C:\Users\Antwan.Maddox\.m2\repository\com\google\j2objc\j2objc-annotations\1.1\j2objc-annotations-1.1.jar;C:\Users\Antwan.Maddox\.m2\repository\org\codehaus\mojo\animal-sniffer-annotations\1.14\animal-sniffer-annotations-1.14.jar;C:\Users\Antwan.Maddox\.m2\repository\com\squareup\okhttp3\okhttp\3.11.0\okhttp-3.11.0.jar;C:\Users\Antwan.Maddox\.m2\repository\com\squareup\okio\okio\1.14.0\okio-1.14.0.jar;C:\Users\Antwan.Maddox\.m2\repository\org\seleniumhq\selenium\selenium-support\3.141.59\selenium-support-3.141.59.jar;C:\Users\Antwan.Maddox\.m2\repository\org\seleniumhq\selenium\selenium-api\3.141.59\selenium-api-3.141.59.jar;C:\Users\Antwan.Maddox\.m2\repository\cglib\cglib\3.3.0\cglib-3.3.0.jar;C:\Users\Antwan.Maddox\.m2\repository\commons-validator\commons-validator\1.7\commons-validator-1.7.jar;C:\Users\Antwan.Maddox\.m2\repository\commons-beanutils\commons-beanutils\1.9.4\commons-beanutils-1.9.4.jar;C:\Users\Antwan.Maddox\.m2\repository\commons-digester\commons-digester\2.1\commons-digester-2.1.jar;C:\Users\Antwan.Maddox\.m2\repository\org\apache\commons\commons-lang3\3.11\commons-lang3-3.11.jar;C:\Users\Antwan.Maddox\.m2\repository\org\springframework\spring-context\5.3.1\spring-context-5.3.1.jar;C:\Users\Antwan.Maddox\.m2\repository\org\springframework\spring-aop\5.3.1\spring-aop-5.3.1.jar;C:\Users\Antwan.Maddox\.m2\repository\org\springframework\spring-beans\5.3.1\spring-beans-5.3.1.jar;C:\Users\Antwan.Maddox\.m2\repository\org\springframework\spring-core\5.3.1\spring-core-5.3.1.jar;C:\Users\Antwan.Maddox\.m2\repository\org\springframework\spring-jcl\5.3.1\spring-jcl-5.3.1.jar;C:\Users\Antwan.Maddox\.m2\repository\org\springframework\spring-expression\5.3.1\spring-expression-5.3.1.jar;C:\Users\Antwan.Maddox\.m2\repository\org\aspectj\aspectjweaver\1.9.6\aspectjweaver-1.9.6.jar;C:\Users\Antwan.Maddox\.m2\repository\org\slf4j\slf4j-api\1.7.30\slf4j-api-1.7.30.jar;C:\Users\Antwan.Maddox\.m2\repository\org\testng\testng\6.14.3\testng-6.14.3.jar;C:\Users\Antwan.Maddox\.m2\repository\com\beust\jcommander\1.72\jcommander-1.72.jar;C:\Users\Antwan.Maddox\.m2\repository\org\apache-extras\beanshell\bsh\2.0b6\bsh-2.0b6.jar;C:\Users\Antwan.Maddox\.m2\repository\com\googlecode\json-simple\json-simple\1.1.1\json-simple-1.1.1.jar;C:\Users\Antwan.Maddox\.m2\repository\junit\junit\4.10\junit-4.10.jar;C:\Users\Antwan.Maddox\.m2\repository\org\hamcrest\hamcrest-core\1.1\hamcrest-core-1.1.jar;C:\Users\Antwan.Maddox\.m2\repository\io\cucumber\cucumber-java\6.10.2\cucumber-java-6.10.2.jar;C:\Users\Antwan.Maddox\.m2\repository\org\apiguardian\apiguardian-api\1.1.1\apiguardian-api-1.1.1.jar;C:\Users\Antwan.Maddox\.m2\repository\io\cucumber\cucumber-core\6.10.2\cucumber-core-6.10.2.jar;C:\Users\Antwan.Maddox\.m2\repository\io\cucumber\cucumber-gherkin\6.10.2\cucumber-gherkin-6.10.2.jar;C:\Users\Antwan.Maddox\.m2\repository\io\cucumber\cucumber-gherkin-messages\6.10.2\cucumber-gherkin-messages-6.10.2.jar;C:\Users\Antwan.Maddox\.m2\repository\io\cucumber\messages\14.0.1\messages-14.0.1.jar;C:\Users\Antwan.Maddox\.m2\repository\io\cucumber\tag-expressions\3.0.0\tag-expressions-3.0.0.jar;C:\Users\Antwan.Maddox\.m2\repository\io\cucumber\cucumber-expressions\10.3.0\cucumber-expressions-10.3.0.jar;C:\Users\Antwan.Maddox\.m2\repository\io\cucumber\datatable\3.5.0\datatable-3.5.0.jar;C:\Users\Antwan.Maddox\.m2\repository\io\cucumber\cucumber-plugin\6.10.2\cucumber-plugin-6.10.2.jar;C:\Users\Antwan.Maddox\.m2\repository\io\cucumber\docstring\6.10.2\docstring-6.10.2.jar;C:\Users\Antwan.Maddox\.m2\repository\io\cucumber\html-formatter\12.0.0\html-formatter-12.0.0.jar;C:\Users\Antwan.Maddox\.m2\repository\io\cucumber\create-meta\3.0.0\create-meta-3.0.0.jar;C:\Users\Antwan.Maddox\.m2\repository\io\cucumber\gherkin\17.0.2\gherkin-17.0.2.jar;C:\Users\Antwan.Maddox\.m2\repository\io\cucumber\cucumber-testng\6.10.2\cucumber-testng-6.10.2.jar;C:\Users\Antwan.Maddox\.m2\repository\com\fasterxml\jackson\core\jackson-databind\2.13.0\jackson-databind-2.13.0.jar;C:\Users\Antwan.Maddox\.m2\repository\com\fasterxml\jackson\core\jackson-annotations\2.13.0\jackson-annotations-2.13.0.jar;C:\Users\Antwan.Maddox\.m2\repository\com\fasterxml\jackson\core\jackson-core\2.13.0\jackson-core-2.13.0.jar;C:\Users\Antwan.Maddox\.m2\repository\org\json\json\20201115\json-20201115.jar;C:\Users\Antwan.Maddox\.m2\repository\com\mashape\unirest\unirest-java\1.4.9\unirest-java-1.4.9.jar;C:\Users\Antwan.Maddox\.m2\repository\org\apache\httpcomponents\httpasyncclient\4.1.1\httpasyncclient-4.1.1.jar;C:\Users\Antwan.Maddox\.m2\repository\org\apache\httpcomponents\httpcore-nio\4.4.4\httpcore-nio-4.4.4.jar;C:\Users\Antwan.Maddox\.m2\repository\org\apache\httpcomponents\httpmime\4.5.2\httpmime-4.5.2.jar;C:\Users\Antwan.Maddox\.m2\repository\org\apache\httpcomponents\httpclient\4.5.13\httpclient-4.5.13.jar;C:\Users\Antwan.Maddox\.m2\repository\org\apache\httpcomponents\httpcore\4.4.13\httpcore-4.4.13.jar;C:\Users\Antwan.Maddox\.m2\repository\commons-logging\commons-logging\1.2\commons-logging-1.2.jar;C:\Users\Antwan.Maddox\.m2\repository\io\rest-assured\rest-assured\5.2.0\rest-assured-5.2.0.jar;C:\Users\Antwan.Maddox\.m2\repository\org\apache\groovy\groovy\4.0.1\groovy-4.0.1.jar;C:\Users\Antwan.Maddox\.m2\repository\org\apache\groovy\groovy-xml\4.0.1\groovy-xml-4.0.1.jar;C:\Users\Antwan.Maddox\.m2\repository\org\hamcrest\hamcrest\2.1\hamcrest-2.1.jar;C:\Users\Antwan.Maddox\.m2\repository\org\ccil\cowan\tagsoup\tagsoup\1.2.1\tagsoup-1.2.1.jar;C:\Users\Antwan.Maddox\.m2\repository\io\rest-assured\json-path\5.2.0\json-path-5.2.0.jar;C:\Users\Antwan.Maddox\.m2\repository\org\apache\groovy\groovy-json\4.0.1\groovy-json-4.0.1.jar;C:\Users\Antwan.Maddox\.m2\repository\io\rest-assured\rest-assured-common\5.2.0\rest-assured-common-5.2.0.jar;C:\Users\Antwan.Maddox\.m2\repository\io\rest-assured\xml-path\5.2.0\xml-path-5.2.0.jar;C:\Users\Antwan.Maddox\.m2\repository\io\rest-assured\json-schema-validator\5.2.0\json-schema-validator-5.2.0.jar;C:\Users\Antwan.Maddox\.m2\repository\com\github\java-json-tools\json-schema-validator\2.2.14\json-schema-validator-2.2.14.jar;C:\Users\Antwan.Maddox\.m2\repository\com\github\java-json-tools\jackson-coreutils-equivalence\1.0\jackson-coreutils-equivalence-1.0.jar;C:\Users\Antwan.Maddox\.m2\repository\com\github\java-json-tools\jackson-coreutils\2.0\jackson-coreutils-2.0.jar;C:\Users\Antwan.Maddox\.m2\repository\com\github\java-json-tools\msg-simple\1.2\msg-simple-1.2.jar;C:\Users\Antwan.Maddox\.m2\repository\com\github\java-json-tools\btf\1.3\btf-1.3.jar;C:\Users\Antwan.Maddox\.m2\repository\com\github\java-json-tools\json-schema-core\1.2.14\json-schema-core-1.2.14.jar;C:\Users\Antwan.Maddox\.m2\repository\com\github\java-json-tools\uri-template\0.10\uri-template-0.10.jar;C:\Users\Antwan.Maddox\.m2\repository\org\mozilla\rhino\1.7.7.2\rhino-1.7.7.2.jar;C:\Users\Antwan.Maddox\.m2\repository\com\sun\mail\mailapi\1.6.2\mailapi-1.6.2.jar;C:\Users\Antwan.Maddox\.m2\repository\joda-time\joda-time\2.10.5\joda-time-2.10.5.jar;C:\Users\Antwan.Maddox\.m2\repository\com\googlecode\libphonenumber\libphonenumber\8.11.1\libphonenumber-8.11.1.jar;C:\Users\Antwan.Maddox\.m2\repository\com\google\code\findbugs\jsr305\3.0.2\jsr305-3.0.2.jar;C:\Users\Antwan.Maddox\.m2\repository\net\sf\jopt-simple\jopt-simple\5.0.4\jopt-simple-5.0.4.jar;C:\Users\Antwan.Maddox\.m2\repository\tech\grasshopper\extentreports-cucumber6-adapter\2.9.0\extentreports-cucumber6-adapter-2.9.0.jar;C:\Users\Antwan.Maddox\.m2\repository\tech\grasshopper\extent-pdf-report\1.7.4\extent-pdf-report-1.7.4.jar;C:\Users\Antwan.Maddox\.m2\repository\tech\grasshopper\cucumber-pdf-report\2.2.4\cucumber-pdf-report-2.2.4.jar;C:\Users\Antwan.Maddox\.m2\repository\org\apache\pdfbox\pdfbox\2.0.22\pdfbox-2.0.22.jar;C:\Users\Antwan.Maddox\.m2\repository\org\apache\pdfbox\fontbox\2.0.22\fontbox-2.0.22.jar;C:\Users\Antwan.Maddox\.m2\repository\org\knowm\xchart\xchart\3.8.0\xchart-3.8.0.jar;C:\Users\Antwan.Maddox\.m2\repository\de\erichseifert\vectorgraphics2d\VectorGraphics2D\0.13\VectorGraphics2D-0.13.jar;C:\Users\Antwan.Maddox\.m2\repository\de\rototor\pdfbox\graphics2d\0.30\graphics2d-0.30.jar;C:\Users\Antwan.Maddox\.m2\repository\com\madgag\animated-gif-lib\1.4\animated-gif-lib-1.4.jar;C:\Users\Antwan.Maddox\.m2\repository\org\yaml\snakeyaml\1.28\snakeyaml-1.28.jar;C:\Users\Antwan.Maddox\.m2\repository\tech\grasshopper\table-layout\1.2.0\table-layout-1.2.0.jar;C:\Users\Antwan.Maddox\.m2\repository\org\jsoup\jsoup\1.13.1\jsoup-1.13.1.jar;C:\Users\Antwan.Maddox\.m2\repository\com\aventstack\klov-reporter\5.0.9\klov-reporter-5.0.9.jar;C:\Users\Antwan.Maddox\.m2\repository\org\mongodb\bson\3.6.4\bson-3.6.4.jar;C:\Users\Antwan.Maddox\.m2\repository\tech\grasshopper\htmlextentreporter\1.0.0\htmlextentreporter-1.0.0.jar;C:\Users\Antwan.Maddox\.m2\repository\org\mongodb\mongodb-driver\3.3.0\mongodb-driver-3.3.0.jar;C:\Users\Antwan.Maddox\.m2\repository\org\mongodb\mongodb-driver-core\3.3.0\mongodb-driver-core-3.3.0.jar;C:\Users\Antwan.Maddox\.m2\repository\com\aventstack\extentreports\5.0.9\extentreports-5.0.9.jar;C:\Users\Antwan.Maddox\.m2\repository\io\reactivex\rxjava3\rxjava\3.0.4\rxjava-3.0.4.jar;C:\Users\Antwan.Maddox\.m2\repository\org\reactivestreams\reactive-streams\1.0.3\reactive-streams-1.0.3.jar;C:\Users\Antwan.Maddox\.m2\repository\org\freemarker\freemarker\2.3.30\freemarker-2.3.30.jar;C:\Users\Antwan.Maddox\.m2\repository\com\vimalselvam\cucumber-extentsreport\3.0.2\cucumber-extentsreport-3.0.2.jar;C:\Users\Antwan.Maddox\.m2\repository\org\apache\logging\log4j\log4j-core\2.14.1\log4j-core-2.14.1.jar;C:\Users\Antwan.Maddox\.m2\repository\org\apache\logging\log4j\log4j-api\2.14.1\log4j-api-2.14.1.jar;C:\Users\Antwan.Maddox\.m2\repository\commons-codec\commons-codec\1.15\commons-codec-1.15.jar;C:\Users\Antwan.Maddox\.m2\repository\commons-io\commons-io\2.11.0\commons-io-2.11.0.jar;C:\Users\Antwan.Maddox\.m2\repository\org\apache\maven\plugins\maven-surefire-plugin\3.0.0-M5\maven-surefire-plugin-3.0.0-M5.jar;C:\Users\Antwan.Maddox\.m2\repository\org\apache\maven\surefire\maven-surefire-common\3.0.0-M5\maven-surefire-common-3.0.0-M5.jar;C:\Users\Antwan.Maddox\.m2\repository\org\apache\maven\surefire\surefire-api\3.0.0-M5\surefire-api-3.0.0-M5.jar;C:\Users\Antwan.Maddox\.m2\repository\org\apache\maven\surefire\surefire-logger-api\3.0.0-M5\surefire-logger-api-3.0.0-M5.jar;C:\Users\Antwan.Maddox\.m2\repository\org\apache\maven\surefire\surefire-extensions-api\3.0.0-M5\surefire-extensions-api-3.0.0-M5.jar;C:\Users\Antwan.Maddox\.m2\repository\org\apache\maven\surefire\surefire-booter\3.0.0-M5\surefire-booter-3.0.0-M5.jar;C:\Users\Antwan.Maddox\.m2\repository\org\apache\maven\surefire\surefire-extensions-spi\3.0.0-M5\surefire-extensions-spi-3.0.0-M5.jar;C:\Users\Antwan.Maddox\.m2\repository\org\apache\maven\maven-toolchain\3.0-alpha-2\maven-toolchain-3.0-alpha-2.jar;C:\Users\Antwan.Maddox\.m2\repository\org\apache\maven\shared\maven-artifact-transfer\0.11.0\maven-artifact-transfer-0.11.0.jar;C:\Users\Antwan.Maddox\.m2\repository\org\codehaus\plexus\plexus-java\1.0.5\plexus-java-1.0.5.jar;C:\Users\Antwan.Maddox\.m2\repository\com\thoughtworks\qdox\qdox\2.0-M9\qdox-2.0-M9.jar;C:\Users\Antwan.Maddox\.m2\repository\org\apache\maven\surefire\surefire-shared-utils\3.0.0-M4\surefire-shared-utils-3.0.0-M4.jar;C:\Users\Antwan.Maddox\.m2\repository\org\apache\maven\maven-embedder\3.3.9\maven-embedder-3.3.9.jar;C:\Users\Antwan.Maddox\.m2\repository\org\apache\maven\maven-settings\3.3.9\maven-settings-3.3.9.jar;C:\Users\Antwan.Maddox\.m2\repository\org\apache\maven\maven-model-builder\3.3.9\maven-model-builder-3.3.9.jar;C:\Users\Antwan.Maddox\.m2\repository\org\apache\maven\maven-builder-support\3.3.9\maven-builder-support-3.3.9.jar;C:\Users\Antwan.Maddox\.m2\repository\org\codehaus\plexus\plexus-classworlds\2.5.2\plexus-classworlds-2.5.2.jar;C:\Users\Antwan.Maddox\.m2\repository\org\codehaus\plexus\plexus-component-annotations\1.6\plexus-component-annotations-1.6.jar;C:\Users\Antwan.Maddox\.m2\repository\org\sonatype\plexus\plexus-sec-dispatcher\1.3\plexus-sec-dispatcher-1.3.jar;C:\Users\Antwan.Maddox\.m2\repository\org\sonatype\plexus\plexus-cipher\1.7\plexus-cipher-1.7.jar;C:\Users\Antwan.Maddox\.m2\repository\org\apache\maven\maven-core\3.3.9\maven-core-3.3.9.jar;C:\Users\Antwan.Maddox\.m2\repository\org\apache\maven\maven-settings-builder\3.3.9\maven-settings-builder-3.3.9.jar;C:\Users\Antwan.Maddox\.m2\repository\org\apache\maven\maven-aether-provider\3.3.9\maven-aether-provider-3.3.9.jar;C:\Users\Antwan.Maddox\.m2\repository\org\eclipse\aether\aether-impl\1.0.2.v20150114\aether-impl-1.0.2.v20150114.jar;C:\Users\Antwan.Maddox\.m2\repository\org\eclipse\aether\aether-api\1.0.2.v20150114\aether-api-1.0.2.v20150114.jar;C:\Users\Antwan.Maddox\.m2\repository\org\eclipse\aether\aether-util\1.0.2.v20150114\aether-util-1.0.2.v20150114.jar;C:\Users\Antwan.Maddox\.m2\repository\com\google\inject\guice\4.0\guice-4.0-no_aop.jar;C:\Users\Antwan.Maddox\.m2\repository\aopalliance\aopalliance\1.0\aopalliance-1.0.jar;C:\Users\Antwan.Maddox\.m2\repository\org\apache\maven\maven-compat\3.3.9\maven-compat-3.3.9.jar;C:\Users\Antwan.Maddox\.m2\repository\org\apache\maven\wagon\wagon-provider-api\2.10\wagon-provider-api-2.10.jar;C:\Users\Antwan.Maddox\.m2\repository\org\eclipse\sisu\org.eclipse.sisu.plexus\0.3.2\org.eclipse.sisu.plexus-0.3.2.jar;C:\Users\Antwan.Maddox\.m2\repository\javax\enterprise\cdi-api\1.0\cdi-api-1.0.jar;C:\Users\Antwan.Maddox\.m2\repository\javax\annotation\jsr250-api\1.0\jsr250-api-1.0.jar;C:\Users\Antwan.Maddox\.m2\repository\org\eclipse\sisu\org.eclipse.sisu.inject\0.3.2\org.eclipse.sisu.inject-0.3.2.jar;C:\Users\Antwan.Maddox\.m2\repository\commons-cli\commons-cli\1.2\commons-cli-1.2.jar;C:\Users\Antwan.Maddox\.m2\repository\org\apache\maven\wagon\wagon-http\2.10\wagon-http-2.10-shaded.jar;C:\Users\Antwan.Maddox\.m2\repository\org\apache\maven\wagon\wagon-http-shared\2.10\wagon-http-shared-2.10.jar;C:\Users\Antwan.Maddox\.m2\repository\org\apache\maven\wagon\wagon-file\2.10\wagon-file-2.10.jar;C:\Users\Antwan.Maddox\.m2\repository\org\eclipse\aether\aether-connector-basic\1.0.2.v20150114\aether-connector-basic-1.0.2.v20150114.jar;C:\Users\Antwan.Maddox\.m2\repository\org\eclipse\aether\aether-spi\1.0.2.v20150114\aether-spi-1.0.2.v20150114.jar;C:\Users\Antwan.Maddox\.m2\repository\org\eclipse\aether\aether-transport-wagon\1.0.2.v20150114\aether-transport-wagon-1.0.2.v20150114.jar;C:\Users\Antwan.Maddox\.m2\repository\org\slf4j\slf4j-simple\1.7.5\slf4j-simple-1.7.5.jar;C:\Users\Antwan.Maddox\.m2\repository\com\microsoft\appcenter\appium-test-extension\1.6\appium-test-extension-1.6.jar;C:\Users\Antwan.Maddox\.m2\repository\net\sourceforge\streamsupport\streamsupport\1.5.1\streamsupport-1.5.1.jar;C:\Users\Antwan.Maddox\.m2\repository\org\javassist\javassist\3.20.0-GA\javassist-3.20.0-GA.jar;C:\Users\Antwan.Maddox\.m2\repository\org\apache\maven\plugins\maven-dependency-plugin\2.10\maven-dependency-plugin-2.10.jar;C:\Users\Antwan.Maddox\.m2\repository\org\apache\maven\maven-artifact\2.2.1\maven-artifact-2.2.1.jar;C:\Users\Antwan.Maddox\.m2\repository\org\apache\maven\maven-plugin-api\2.2.1\maven-plugin-api-2.2.1.jar;C:\Users\Antwan.Maddox\.m2\repository\org\apache\maven\maven-project\2.2.1\maven-project-2.2.1.jar;C:\Users\Antwan.Maddox\.m2\repository\org\apache\maven\maven-profile\2.2.1\maven-profile-2.2.1.jar;C:\Users\Antwan.Maddox\.m2\repository\org\apache\maven\maven-plugin-registry\2.2.1\maven-plugin-registry-2.2.1.jar;C:\Users\Antwan.Maddox\.m2\repository\org\codehaus\plexus\plexus-container-default\1.0-alpha-9-stable-1\plexus-container-default-1.0-alpha-9-stable-1.jar;C:\Users\Antwan.Maddox\.m2\repository\org\apache\maven\maven-model\2.2.1\maven-model-2.2.1.jar;C:\Users\Antwan.Maddox\.m2\repository\org\apache\maven\maven-artifact-manager\2.2.1\maven-artifact-manager-2.2.1.jar;C:\Users\Antwan.Maddox\.m2\repository\backport-util-concurrent\backport-util-concurrent\3.1\backport-util-concurrent-3.1.jar;C:\Users\Antwan.Maddox\.m2\repository\org\apache\maven\maven-repository-metadata\2.2.1\maven-repository-metadata-2.2.1.jar;C:\Users\Antwan.Maddox\.m2\repository\org\apache\maven\reporting\maven-reporting-api\3.0\maven-reporting-api-3.0.jar;C:\Users\Antwan.Maddox\.m2\repository\org\apache\maven\reporting\maven-reporting-impl\2.2\maven-reporting-impl-2.2.jar;C:\Users\Antwan.Maddox\.m2\repository\org\apache\maven\doxia\doxia-core\1.2\doxia-core-1.2.jar;C:\Users\Antwan.Maddox\.m2\repository\xerces\xercesImpl\2.9.1\xercesImpl-2.9.1.jar;C:\Users\Antwan.Maddox\.m2\repository\xml-apis\xml-apis\1.3.04\xml-apis-1.3.04.jar;C:\Users\Antwan.Maddox\.m2\repository\org\apache\maven\doxia\doxia-sink-api\1.4\doxia-sink-api-1.4.jar;C:\Users\Antwan.Maddox\.m2\repository\org\apache\maven\doxia\doxia-logging-api\1.4\doxia-logging-api-1.4.jar;C:\Users\Antwan.Maddox\.m2\repository\org\apache\maven\doxia\doxia-site-renderer\1.4\doxia-site-renderer-1.4.jar;C:\Users\Antwan.Maddox\.m2\repository\org\apache\maven\doxia\doxia-decoration-model\1.4\doxia-decoration-model-1.4.jar;C:\Users\Antwan.Maddox\.m2\repository\org\apache\maven\doxia\doxia-module-xhtml\1.4\doxia-module-xhtml-1.4.jar;C:\Users\Antwan.Maddox\.m2\repository\org\apache\maven\doxia\doxia-module-fml\1.4\doxia-module-fml-1.4.jar;C:\Users\Antwan.Maddox\.m2\repository\org\codehaus\plexus\plexus-i18n\1.0-beta-7\plexus-i18n-1.0-beta-7.jar;C:\Users\Antwan.Maddox\.m2\repository\org\codehaus\plexus\plexus-velocity\1.1.7\plexus-velocity-1.1.7.jar;C:\Users\Antwan.Maddox\.m2\repository\org\apache\velocity\velocity\1.5\velocity-1.5.jar;C:\Users\Antwan.Maddox\.m2\repository\oro\oro\2.0.8\oro-2.0.8.jar;C:\Users\Antwan.Maddox\.m2\repository\org\apache\velocity\velocity-tools\2.0\velocity-tools-2.0.jar;C:\Users\Antwan.Maddox\.m2\repository\commons-chain\commons-chain\1.1\commons-chain-1.1.jar;C:\Users\Antwan.Maddox\.m2\repository\dom4j\dom4j\1.1\dom4j-1.1.jar;C:\Users\Antwan.Maddox\.m2\repository\sslext\sslext\1.2-0\sslext-1.2-0.jar;C:\Users\Antwan.Maddox\.m2\repository\org\apache\struts\struts-core\1.3.8\struts-core-1.3.8.jar;C:\Users\Antwan.Maddox\.m2\repository\antlr\antlr\2.7.2\antlr-2.7.2.jar;C:\Users\Antwan.Maddox\.m2\repository\org\apache\struts\struts-taglib\1.3.8\struts-taglib-1.3.8.jar;C:\Users\Antwan.Maddox\.m2\repository\org\apache\struts\struts-tiles\1.3.8\struts-tiles-1.3.8.jar;C:\Users\Antwan.Maddox\.m2\repository\org\codehaus\plexus\plexus-archiver\2.9\plexus-archiver-2.9.jar;C:\Users\Antwan.Maddox\.m2\repository\org\apache\commons\commons-compress\1.9\commons-compress-1.9.jar;C:\Users\Antwan.Maddox\.m2\repository\org\codehaus\plexus\plexus-utils\3.0.20\plexus-utils-3.0.20.jar;C:\Users\Antwan.Maddox\.m2\repository\org\apache\maven\shared\file-management\1.2.1\file-management-1.2.1.jar;C:\Users\Antwan.Maddox\.m2\repository\org\apache\maven\shared\maven-shared-io\1.1\maven-shared-io-1.1.jar;C:\Users\Antwan.Maddox\.m2\repository\org\codehaus\plexus\plexus-io\2.4\plexus-io-2.4.jar;C:\Users\Antwan.Maddox\.m2\repository\org\apache\maven\shared\maven-dependency-analyzer\1.6\maven-dependency-analyzer-1.6.jar;C:\Users\Antwan.Maddox\.m2\repository\org\apache\maven\shared\maven-dependency-tree\2.2\maven-dependency-tree-2.2.jar;C:\Users\Antwan.Maddox\.m2\repository\org\apache\maven\shared\maven-common-artifact-filters\1.4\maven-common-artifact-filters-1.4.jar;C:\Users\Antwan.Maddox\.m2\repository\org\apache\maven\shared\maven-invoker\2.1.1\maven-invoker-2.1.1.jar;C:\Users\Antwan.Maddox\.m2\repository\commons-lang\commons-lang\2.6\commons-lang-2.6.jar;C:\Users\Antwan.Maddox\.m2\repository\commons-collections\commons-collections\3.2.1\commons-collections-3.2.1.jar;C:\Users\Antwan.Maddox\.m2\repository\classworlds\classworlds\1.1\classworlds-1.1.jar;C:\Users\Antwan.Maddox\.m2\repository\org\apache\maven\plugins\maven-help-plugin\3.3.0\maven-help-plugin-3.3.0.jar;C:\Users\Antwan.Maddox\.m2\repository\org\apache\maven\plugin-tools\maven-plugin-tools-generators\3.6.4\maven-plugin-tools-generators-3.6.4.jar;C:\Users\Antwan.Maddox\.m2\repository\org\apache\maven\plugin-tools\maven-plugin-tools-api\3.6.4\maven-plugin-tools-api-3.6.4.jar;C:\Users\Antwan.Maddox\.m2\repository\net\sf\jtidy\jtidy\r938\jtidy-r938.jar;C:\Users\Antwan.Maddox\.m2\repository\org\ow2\asm\asm\9.3\asm-9.3.jar;C:\Users\Antwan.Maddox\.m2\repository\org\ow2\asm\asm-commons\9.3\asm-commons-9.3.jar;C:\Users\Antwan.Maddox\.m2\repository\org\ow2\asm\asm-tree\9.3\asm-tree-9.3.jar;C:\Users\Antwan.Maddox\.m2\repository\org\ow2\asm\asm-analysis\9.3\asm-analysis-9.3.jar;C:\Users\Antwan.Maddox\.m2\repository\org\apache\maven\shared\maven-shared-utils\3.3.4\maven-shared-utils-3.3.4.jar;C:\Users\Antwan.Maddox\.m2\repository\org\apache\maven\reporting\maven-reporting-exec\1.6.0\maven-reporting-exec-1.6.0.jar;C:\Users\Antwan.Maddox\.m2\repository\org\codehaus\plexus\plexus-interactivity-api\1.1\plexus-interactivity-api-1.1.jar;C:\Users\Antwan.Maddox\.m2\repository\org\jdom\jdom2\2.0.6.1\jdom2-2.0.6.1.jar;C:\Users\Antwan.Maddox\.m2\repository\com\thoughtworks\xstream\xstream\1.4.19\xstream-1.4.19.jar;C:\Users\Antwan.Maddox\.m2\repository\io\github\x-stream\mxparser\1.2.2\mxparser-1.2.2.jar;C:\Users\Antwan.Maddox\.m2\repository\xmlpull\xmlpull\1.1.3.1\xmlpull-1.1.3.1.jar;C:\Users\Antwan.Maddox\.m2\repository\org\apache\maven\plugins\maven-resources-plugin\3.3.0\maven-resources-plugin-3.3.0.jar;C:\Users\Antwan.Maddox\.m2\repository\org\codehaus\plexus\plexus-interpolation\1.26\plexus-interpolation-1.26.jar;C:\Users\Antwan.Maddox\.m2\repository\org\apache\maven\shared\maven-filtering\3.3.0\maven-filtering-3.3.0.jar;C:\Users\Antwan.Maddox\.m2\repository\javax\inject\javax.inject\1\javax.inject-1.jar;C:\Users\Antwan.Maddox\.m2\repository\org\sonatype\plexus\plexus-build-api\0.0.7\plexus-build-api-0.0.7.jar;C:\Users\Antwan.Maddox\.m2\repository\org\projectlombok\lombok\1.18.20\lombok-1.18.20.jar;C:\Users\Antwan.Maddox\.m2\repository\com\google\code\gson\gson\2.9.1\gson-2.9.1.jar;C:\Users\Antwan.Maddox\.m2\repository\com\github\javafaker\javafaker\1.0.2\javafaker-1.0.2.jar;C:\Users\Antwan.Maddox\.m2\repository\org\yaml\snakeyaml\1.23\snakeyaml-1.23-android.jar;C:\Users\Antwan.Maddox\.m2\repository\com\github\mifmif\generex\1.0.2\generex-1.0.2.jar;C:\Users\Antwan.Maddox\.m2\repository\dk\brics\automaton\automaton\1.11-8\automaton-1.11-8.jar;C:\Users\Antwan.Maddox\.m2\repository\io\cucumber\cucumber-picocontainer\7.8.1\cucumber-picocontainer-7.8.1.jar;C:\Users\Antwan.Maddox\.m2\repository\org\picocontainer\picocontainer\2.15\picocontainer-2.15.jar;C:\Users\Antwan.Maddox\.m2\repository\net\masterthought\maven-cucumber-reporting\5.7.1\maven-cucumber-reporting-5.7.1.jar;C:\Users\Antwan.Maddox\.m2\repository\net\masterthought\cucumber-reporting\5.7.2\cucumber-reporting-5.7.2.jar;C:\Users\Antwan.Maddox\.m2\repository\com\fasterxml\jackson\datatype\jackson-datatype-jsr310\2.13.2\jackson-datatype-jsr310-2.13.2.jar;C:\Users\Antwan.Maddox\.m2\repository\org\apache\velocity\velocity-engine-core\2.3\velocity-engine-core-2.3.jar;C:\Users\Antwan.Maddox\.m2\repository\com\googlecode\owasp-java-html-sanitizer\owasp-java-html-sanitizer\20211018.2\owasp-java-html-sanitizer-20211018.2.jar;C:\Users\Antwan.Maddox\.m2\repository\commons-configuration\commons-configuration\1.10\commons-configuration-1.10.jar;"/>
    <property name="sun.cpu.endian" value="little"/>
    <property name="user.home" value="C:\Users\Antwan.Maddox"/>
    <property name="user.language" value="en"/>
    <property name="java.specification.vendor" value="Oracle Corporation"/>
    <property name="java.home" value="C:\Program Files\Java\jdk1.8.0_341\jre"/>
    <property name="basedir" value="C:\Users\Antwan.Maddox\source\repos\java-appium-rest"/>
    <property name="file.separator" value="\"/>
    <property name="line.separator" value="&#10;"/>
    <property name="java.vm.specification.vendor" value="Oracle Corporation"/>
    <property name="java.specification.name" value="Java Platform API Specification"/>
    <property name="java.awt.graphicsenv" value="sun.awt.Win32GraphicsEnvironment"/>
    <property name="surefire.real.class.path" value="C:\Users\Antwan.Maddox\AppData\Local\Temp\surefire2576171829526209104\surefirebooter8196759195136610870.jar"/>
    <property name="sun.boot.class.path" value="C:\Program Files\Java\jdk1.8.0_341\jre\lib\resources.jar;C:\Program Files\Java\jdk1.8.0_341\jre\lib\rt.jar;C:\Program Files\Java\jdk1.8.0_341\jre\lib\jsse.jar;C:\Program Files\Java\jdk1.8.0_341\jre\lib\jce.jar;C:\Program Files\Java\jdk1.8.0_341\jre\lib\charsets.jar;C:\Program Files\Java\jdk1.8.0_341\jre\lib\jfr.jar;C:\Program Files\Java\jdk1.8.0_341\jre\classes"/>
    <property name="user.script" value=""/>
    <property name="sun.management.compiler" value="HotSpot 64-Bit Tiered Compilers"/>
    <property name="java.runtime.version" value="1.8.0_341-b10"/>
    <property name="user.name" value="antwan.maddox"/>
    <property name="path.separator" value=";"/>
    <property name="os.version" value="10.0"/>
    <property name="java.endorsed.dirs" value="C:\Program Files\Java\jdk1.8.0_341\jre\lib\endorsed"/>
    <property name="java.runtime.name" value="Java(TM) SE Runtime Environment"/>
    <property name="file.encoding" value="Cp1252"/>
    <property name="java.vm.name" value="Java HotSpot(TM) 64-Bit Server VM"/>
    <property name="localRepository" value="C:\Users\Antwan.Maddox\.m2\repository"/>
    <property name="java.vendor.url.bug" value="http://bugreport.sun.com/bugreport/"/>
    <property name="java.io.tmpdir" value="C:\Users\ANTWAN~1.MAD\AppData\Local\Temp\"/>
    <property name="java.version" value="1.8.0_341"/>
    <property name="user.dir" value="C:\Users\Antwan.Maddox\source\repos\java-appium-rest"/>
    <property name="os.arch" value="amd64"/>
    <property name="java.vm.specification.name" value="Java Virtual Machine Specification"/>
    <property name="java.awt.printerjob" value="sun.awt.windows.WPrinterJob"/>
    <property name="sun.os.patch.level" value=""/>
    <property name="java.library.path" value="C:\Program Files\Java\jdk1.8.0_341\jre\bin;C:\windows\Sun\Java\bin;C:\windows\system32;C:\windows;C:\Program Files\Java\jdk1.8.0_341\bin;C:\ffmpeg\bin;C:\windows\system32;C:\windows;C:\windows\System32\Wbem;C:\windows\System32\WindowsPowerShell\v1.0\;C:\windows\System32\OpenSSH\;C:\Program Files\nodejs\;C:\Program Files\dotnet\;C:\Users\Antwan.Maddox\AppData\Local\Android\Sdk\tools;C:\Users\Antwan.Maddox\AppData\Local\Android\Sdk\platform-tools;C:\Program Files\Git\cmd;C:\Users\Antwan.Maddox\AppData\Local\Microsoft\WindowsApps;C:\Users\Antwan.Maddox\AppData\Roaming\npm;C:\Users\Antwan.Maddox\AppData\Local\Programs\Microsoft VS Code\bin;C:\Users\Antwan.Maddox\.dotnet\tools;C:\Program Files (x86)\CMake\bin;C:\Program Files\apache-maven-3.8.6\bin;C:\Gradle\gradle-7.5.1-bin\gradle-7.5.1\bin;C:\Users\Antwan.Maddox\AppData\Local\Microsoft\WindowsApps;C:\Users\Antwan.Maddox\AppData\Roaming\npm;C:\Users\Antwan.Maddox\AppData\Local\Programs\Microsoft VS Code\bin;C:\Users\Antwan.Maddox\.dotnet\tools;C:\Users\Antwan.Maddox\AppData\Local\Android\Sdk\tools;C:\Users\Antwan.Maddox\AppData\Local\Android\Sdk\platform-tools;;."/>
    <property name="java.vm.info" value="mixed mode"/>
    <property name="java.vendor" value="Oracle Corporation"/>
    <property name="java.vm.version" value="25.341-b10"/>
    <property name="java.ext.dirs" value="C:\Program Files\Java\jdk1.8.0_341\jre\lib\ext;C:\windows\Sun\Java\lib\ext"/>
    <property name="sun.io.unicode.encoding" value="UnicodeLittle"/>
    <property name="java.class.version" value="52.0"/>
  </properties>
  <testcase name="scenario[&quot;SampleMobileApp Test&quot;, &quot;Optional[Sample feature]&quot;](1)" classname="runner.MobileTestRunner" time="0.676">
    <system-out><![CDATA[[TestNGContentHandler] [WARN] It is strongly recommended to add "<!DOCTYPE suite SYSTEM "http://testng.org/testng-1.0.dtd" >" at the top of your file, otherwise TestNG may fail or not work as expected.
Setup Test Suite
Creating Current Test
Starting Test: scenario
Thread ID: 13

@Mobile @Smoke
Scenario: SampleMobileApp Test # src/test/resources/features/sampleMobile.feature:7
  Given I launch app           # sampleSteps.SampleSteps.i_launch_app()
  Then the app will be visible # sampleSteps.SampleSteps.the_app_will_be_visible()
scenario: SampleMobileApp Test
]]></system-out>
    <system-err><![CDATA[Oct 25, 2022 10:55:44 AM io.appium.java_client.remote.AppiumCommandExecutor$1 lambda$0
INFO: Detected dialect: OSS
]]></system-err>
  </testcase>
</testsuite>