<?xml version="1.0" encoding="UTF-8"?>
<!-- Generated by org.testng.reporters.JUnitReportReporter -->
<testsuite skipped="0" hostname="USTPALG1757" name="runner.TestRunner" tests="1" failures="0" timestamp="07 Oct 2022 18:25:41 GMT" time="1.835" errors="0">
  <testcase name="runScenario" time="1.835" classname="runner.TestRunner"/>
</testsuite> <!-- runner.TestRunner -->
