<?xml version="1.0" encoding="UTF-8"?>
<!-- Generated by org.testng.reporters.JUnitReportReporter -->
<testsuite skipped="0" hostname="USTPALG1757" name="runner.MobileTestRunner" tests="1" failures="0" timestamp="25 Oct 2022 14:55:46 GMT" time="1.205" errors="0">
  <testcase name="scenario" time="1.205" classname="runner.MobileTestRunner"/>
</testsuite> <!-- runner.MobileTestRunner -->
