<?xml version="1.0" encoding="UTF-8"?>
<!-- Generated by org.testng.reporters.JUnitReportReporter -->
<testsuite skipped="0" hostname="USTPALG1757" name="runner.APIRunner" tests="1" failures="0" timestamp="21 Oct 2022 13:30:14 GMT" time="26.449" errors="0">
  <testcase name="scenario" time="26.449" classname="runner.APIRunner"/>
</testsuite> <!-- runner.APIRunner -->
